# JRE version: Java(TM) SE Runtime Environment (8.0_202-b08) (build 1.8.0_202-b08)
# Java VM: Java HotSpot(TM) 64-Bit Server VM (25.202-b08 mixed mode windows-amd64 compressed oops)
Heap:
 PSYoungGen      total 120320K, used 69650K [0x00000000eab00000, 0x00000000f4b00000, 0x0000000100000000)
  eden space 105472K, 51% used [0x00000000eab00000,0x00000000ee08ca58,0x00000000f1200000)
  from space 14848K, 99% used [0x00000000f1200000,0x00000000f2078030,0x00000000f2080000)
  to   space 17408K, 0% used [0x00000000f3a00000,0x00000000f3a00000,0x00000000f4b00000)
 ParOldGen       total 56320K, used 23130K [0x00000000c0000000, 0x00000000c3700000, 0x00000000eab00000)
  object space 56320K, 41% used [0x00000000c0000000,0x00000000c1696970,0x00000000c3700000)
 Metaspace       used 41551K, capacity 42658K, committed 42752K, reserved 1085440K
  class space    used 5807K, capacity 6140K, committed 6144K, reserved 1048576K
GC Heap History (10 events):
Event: 11.444 GC heap before
{Heap before GC invocations=13 (full 1):
 PSYoungGen      total 78848K, used 44669K [0x00000000eab00000, 0x00000000f1300000, 0x0000000100000000)
  eden space 71168K, 52% used [0x00000000eab00000,0x00000000ecf265c8,0x00000000ef080000)
  from space 7680K, 99% used [0x00000000ef080000,0x00000000ef7f9020,0x00000000ef800000)
  to   space 9728K, 0% used [0x00000000f0980000,0x00000000f0980000,0x00000000f1300000)
 ParOldGen       total 35328K, used 10766K [0x00000000c0000000, 0x00000000c2280000, 0x00000000eab00000)
  object space 35328K, 30% used [0x00000000c0000000,0x00000000c0a83a38,0x00000000c2280000)
 Metaspace       used 34768K, capacity 35322K, committed 35416K, reserved 1079296K
  class space    used 4895K, capacity 5083K, committed 5120K, reserved 1048576K
Event: 11.464 GC heap after
Heap after GC invocations=13 (full 1):
 PSYoungGen      total 95232K, used 9713K [0x00000000eab00000, 0x00000000f1a80000, 0x0000000100000000)
  eden space 85504K, 0% used [0x00000000eab00000,0x00000000eab00000,0x00000000efe80000)
  from space 9728K, 99% used [0x00000000f0980000,0x00000000f12fc538,0x00000000f1300000)
  to   space 11264K, 0% used [0x00000000efe80000,0x00000000efe80000,0x00000000f0980000)
 ParOldGen       total 35328K, used 11517K [0x00000000c0000000, 0x00000000c2280000, 0x00000000eab00000)
  object space 35328K, 32% used [0x00000000c0000000,0x00000000c0b3f610,0x00000000c2280000)
 Metaspace       used 34768K, capacity 35322K, committed 35416K, reserved 1079296K
  class space    used 4895K, capacity 5083K, committed 5120K, reserved 1048576K
}
Event: 11.464 GC heap before
{Heap before GC invocations=14 (full 2):
 PSYoungGen      total 95232K, used 9713K [0x00000000eab00000, 0x00000000f1a80000, 0x0000000100000000)
  eden space 85504K, 0% used [0x00000000eab00000,0x00000000eab00000,0x00000000efe80000)
  from space 9728K, 99% used [0x00000000f0980000,0x00000000f12fc538,0x00000000f1300000)
  to   space 11264K, 0% used [0x00000000efe80000,0x00000000efe80000,0x00000000f0980000)
 ParOldGen       total 35328K, used 11517K [0x00000000c0000000, 0x00000000c2280000, 0x00000000eab00000)
  object space 35328K, 32% used [0x00000000c0000000,0x00000000c0b3f610,0x00000000c2280000)
 Metaspace       used 34768K, capacity 35322K, committed 35416K, reserved 1079296K
  class space    used 4895K, capacity 5083K, committed 5120K, reserved 1048576K
Event: 11.589 GC heap after
Heap after GC invocations=14 (full 2):
 PSYoungGen      total 95232K, used 0K [0x00000000eab00000, 0x00000000f1a80000, 0x0000000100000000)
  eden space 85504K, 0% used [0x00000000eab00000,0x00000000eab00000,0x00000000efe80000)
  from space 9728K, 0% used [0x00000000f0980000,0x00000000f0980000,0x00000000f1300000)
  to   space 11264K, 0% used [0x00000000efe80000,0x00000000efe80000,0x00000000f0980000)
 ParOldGen       total 56320K, used 17383K [0x00000000c0000000, 0x00000000c3700000, 0x00000000eab00000)
  object space 56320K, 30% used [0x00000000c0000000,0x00000000c10f9c40,0x00000000c3700000)
 Metaspace       used 34768K, capacity 35322K, committed 35416K, reserved 1079296K
  class space    used 4895K, capacity 5083K, committed 5120K, reserved 1048576K
}
Event: 13.109 GC heap before
{Heap before GC invocations=15 (full 2):
 PSYoungGen      total 95232K, used 85504K [0x00000000eab00000, 0x00000000f1a80000, 0x0000000100000000)
  eden space 85504K, 100% used [0x00000000eab00000,0x00000000efe80000,0x00000000efe80000)
  from space 9728K, 0% used [0x00000000f0980000,0x00000000f0980000,0x00000000f1300000)
  to   space 11264K, 0% used [0x00000000efe80000,0x00000000efe80000,0x00000000f0980000)
 ParOldGen       total 56320K, used 17383K [0x00000000c0000000, 0x00000000c3700000, 0x00000000eab00000)
  object space 56320K, 30% used [0x00000000c0000000,0x00000000c10f9c40,0x00000000c3700000)
 Metaspace       used 36484K, capacity 37164K, committed 37248K, reserved 1081344K
  class space    used 5186K, capacity 5421K, committed 5504K, reserved 1048576K
Event: 13.124 GC heap after
Heap after GC invocations=15 (full 2):
 PSYoungGen      total 96768K, used 8469K [0x00000000eab00000, 0x00000000f2c00000, 0x0000000100000000)
  eden space 85504K, 0% used [0x00000000eab00000,0x00000000eab00000,0x00000000efe80000)
  from space 11264K, 75% used [0x00000000efe80000,0x00000000f06c57b8,0x00000000f0980000)
  to   space 11776K, 0% used [0x00000000f2080000,0x00000000f2080000,0x00000000f2c00000)
 ParOldGen       total 56320K, used 17383K [0x00000000c0000000, 0x00000000c3700000, 0x00000000eab00000)
  object space 56320K, 30% used [0x00000000c0000000,0x00000000c10f9c40,0x00000000c3700000)
 Metaspace       used 36484K, capacity 37164K, committed 37248K, reserved 1081344K
  class space    used 5186K, capacity 5421K, committed 5504K, reserved 1048576K
}
Event: 15.797 GC heap before
{Heap before GC invocations=16 (full 2):
 PSYoungGen      total 96768K, used 93973K [0x00000000eab00000, 0x00000000f2c00000, 0x0000000100000000)
  eden space 85504K, 100% used [0x00000000eab00000,0x00000000efe80000,0x00000000efe80000)
  from space 11264K, 75% used [0x00000000efe80000,0x00000000f06c57b8,0x00000000f0980000)
  to   space 11776K, 0% used [0x00000000f2080000,0x00000000f2080000,0x00000000f2c00000)
 ParOldGen       total 56320K, used 17383K [0x00000000c0000000, 0x00000000c3700000, 0x00000000eab00000)
  object space 56320K, 30% used [0x00000000c0000000,0x00000000c10f9c40,0x00000000c3700000)
 Metaspace       used 39878K, capacity 40802K, committed 41088K, reserved 1085440K
  class space    used 5641K, capacity 5922K, committed 6016K, reserved 1048576K
Event: 15.832 GC heap after
Heap after GC invocations=16 (full 2):
 PSYoungGen      total 117248K, used 11744K [0x00000000eab00000, 0x00000000f3180000, 0x0000000100000000)
  eden space 105472K, 0% used [0x00000000eab00000,0x00000000eab00000,0x00000000f1200000)
  from space 11776K, 99% used [0x00000000f2080000,0x00000000f2bf8010,0x00000000f2c00000)
  to   space 14848K, 0% used [0x00000000f1200000,0x00000000f1200000,0x00000000f2080000)
 ParOldGen       total 56320K, used 21247K [0x00000000c0000000, 0x00000000c3700000, 0x00000000eab00000)
  object space 56320K, 37% used [0x00000000c0000000,0x00000000c14bfd20,0x00000000c3700000)
 Metaspace       used 39878K, capacity 40802K, committed 41088K, reserved 1085440K
  class space    used 5641K, capacity 5922K, committed 6016K, reserved 1048576K
}
Event: 72.028 GC heap before
{Heap before GC invocations=17 (full 2):
 PSYoungGen      total 117248K, used 117216K [0x00000000eab00000, 0x00000000f3180000, 0x0000000100000000)
  eden space 105472K, 100% used [0x00000000eab00000,0x00000000f1200000,0x00000000f1200000)
  from space 11776K, 99% used [0x00000000f2080000,0x00000000f2bf8010,0x00000000f2c00000)
  to   space 14848K, 0% used [0x00000000f1200000,0x00000000f1200000,0x00000000f2080000)
 ParOldGen       total 56320K, used 21247K [0x00000000c0000000, 0x00000000c3700000, 0x00000000eab00000)
  object space 56320K, 37% used [0x00000000c0000000,0x00000000c14bfd20,0x00000000c3700000)
 Metaspace       used 41390K, capacity 42460K, committed 42496K, reserved 1085440K
  class space    used 5796K, capacity 6129K, committed 6144K, reserved 1048576K
Event: 72.109 GC heap after
Heap after GC invocations=17 (full 2):
 PSYoungGen      total 120320K, used 14816K [0x00000000eab00000, 0x00000000f4b00000, 0x0000000100000000)
  eden space 105472K, 0% used [0x00000000eab00000,0x00000000eab00000,0x00000000f1200000)
  from space 14848K, 99% used [0x00000000f1200000,0x00000000f2078030,0x00000000f2080000)
  to   space 17408K, 0% used [0x00000000f3a00000,0x00000000f3a00000,0x00000000f4b00000)
 ParOldGen       total 56320K, used 23130K [0x00000000c0000000, 0x00000000c3700000, 0x00000000eab00000)
  object space 56320K, 41% used [0x00000000c0000000,0x00000000c1696970,0x00000000c3700000)
 Metaspace       used 41390K, capacity 42460K, committed 42496K, reserved 1085440K
  class space    used 5796K, capacity 6129K, committed 6144K, reserved 1048576K
}

