# JRE version: Java(TM) SE Runtime Environment (8.0_202-b08) (build 1.8.0_202-b08)
# Java VM: Java HotSpot(TM) 64-Bit Server VM (25.202-b08 mixed mode windows-amd64 compressed oops)
Heap:
 PSYoungGen      total 237056K, used 37749K [0x00000000f0000000, 0x0000000100000000, 0x0000000100000000)
  eden space 211456K, 13% used [0x00000000f0000000,0x00000000f1ba4bd8,0x00000000fce80000)
  from space 25600K, 36% used [0x00000000fe700000,0x00000000ff038b58,0x0000000100000000)
  to   space 25088K, 0% used [0x00000000fce80000,0x00000000fce80000,0x00000000fe700000)
 ParOldGen       total 524288K, used 40675K [0x00000000d0000000, 0x00000000f0000000, 0x00000000f0000000)
  object space 524288K, 7% used [0x00000000d0000000,0x00000000d27b8fa8,0x00000000f0000000)
 Metaspace       used 41922K, capacity 42772K, committed 43176K, reserved 1087488K
  class space    used 5204K, capacity 5403K, committed 5552K, reserved 1048576K
GC Heap History (10 events):
Event: 21.727 GC heap before
{Heap before GC invocations=10 (full 1):
 PSYoungGen      total 233472K, used 233460K [0x00000000f0000000, 0x0000000100000000, 0x0000000100000000)
  eden space 215040K, 100% used [0x00000000f0000000,0x00000000fd200000,0x00000000fd200000)
  from space 18432K, 99% used [0x00000000fee00000,0x00000000ffffd128,0x0000000100000000)
  to   space 23552K, 0% used [0x00000000fd200000,0x00000000fd200000,0x00000000fe900000)
 ParOldGen       total 524288K, used 20453K [0x00000000d0000000, 0x00000000f0000000, 0x00000000f0000000)
  object space 524288K, 3% used [0x00000000d0000000,0x00000000d13f9558,0x00000000f0000000)
 Metaspace       used 34285K, capacity 35006K, committed 35248K, reserved 1079296K
  class space    used 4231K, capacity 4406K, committed 4528K, reserved 1048576K
Event: 21.749 GC heap after
Heap after GC invocations=10 (full 1):
 PSYoungGen      total 237568K, used 22171K [0x00000000f0000000, 0x0000000100000000, 0x0000000100000000)
  eden space 215040K, 0% used [0x00000000f0000000,0x00000000f0000000,0x00000000fd200000)
  from space 22528K, 98% used [0x00000000fd200000,0x00000000fe7a6f58,0x00000000fe800000)
  to   space 24576K, 0% used [0x00000000fe800000,0x00000000fe800000,0x0000000100000000)
 ParOldGen       total 524288K, used 23423K [0x00000000d0000000, 0x00000000f0000000, 0x00000000f0000000)
  object space 524288K, 4% used [0x00000000d0000000,0x00000000d16dff20,0x00000000f0000000)
 Metaspace       used 34285K, capacity 35006K, committed 35248K, reserved 1079296K
  class space    used 4231K, capacity 4406K, committed 4528K, reserved 1048576K
}
Event: 22.105 GC heap before
{Heap before GC invocations=11 (full 1):
 PSYoungGen      total 237568K, used 68198K [0x00000000f0000000, 0x0000000100000000, 0x0000000100000000)
  eden space 215040K, 21% used [0x00000000f0000000,0x00000000f2cf2bb0,0x00000000fd200000)
  from space 22528K, 98% used [0x00000000fd200000,0x00000000fe7a6f58,0x00000000fe800000)
  to   space 24576K, 0% used [0x00000000fe800000,0x00000000fe800000,0x0000000100000000)
 ParOldGen       total 524288K, used 23423K [0x00000000d0000000, 0x00000000f0000000, 0x00000000f0000000)
  object space 524288K, 4% used [0x00000000d0000000,0x00000000d16dff20,0x00000000f0000000)
 Metaspace       used 34614K, capacity 35306K, committed 35496K, reserved 1081344K
  class space    used 4269K, capacity 4440K, committed 4528K, reserved 1048576K
Event: 22.134 GC heap after
Heap after GC invocations=11 (full 1):
 PSYoungGen      total 235520K, used 12054K [0x00000000f0000000, 0x0000000100000000, 0x0000000100000000)
  eden space 210944K, 0% used [0x00000000f0000000,0x00000000f0000000,0x00000000fce00000)
  from space 24576K, 49% used [0x00000000fe800000,0x00000000ff3c5850,0x0000000100000000)
  to   space 25600K, 0% used [0x00000000fce00000,0x00000000fce00000,0x00000000fe700000)
 ParOldGen       total 524288K, used 33266K [0x00000000d0000000, 0x00000000f0000000, 0x00000000f0000000)
  object space 524288K, 6% used [0x00000000d0000000,0x00000000d207c8f0,0x00000000f0000000)
 Metaspace       used 34614K, capacity 35306K, committed 35496K, reserved 1081344K
  class space    used 4269K, capacity 4440K, committed 4528K, reserved 1048576K
}
Event: 22.134 GC heap before
{Heap before GC invocations=12 (full 2):
 PSYoungGen      total 235520K, used 12054K [0x00000000f0000000, 0x0000000100000000, 0x0000000100000000)
  eden space 210944K, 0% used [0x00000000f0000000,0x00000000f0000000,0x00000000fce00000)
  from space 24576K, 49% used [0x00000000fe800000,0x00000000ff3c5850,0x0000000100000000)
  to   space 25600K, 0% used [0x00000000fce00000,0x00000000fce00000,0x00000000fe700000)
 ParOldGen       total 524288K, used 33266K [0x00000000d0000000, 0x00000000f0000000, 0x00000000f0000000)
  object space 524288K, 6% used [0x00000000d0000000,0x00000000d207c8f0,0x00000000f0000000)
 Metaspace       used 34614K, capacity 35306K, committed 35496K, reserved 1081344K
  class space    used 4269K, capacity 4440K, committed 4528K, reserved 1048576K
Event: 22.374 GC heap after
Heap after GC invocations=12 (full 2):
 PSYoungGen      total 235520K, used 0K [0x00000000f0000000, 0x0000000100000000, 0x0000000100000000)
  eden space 210944K, 0% used [0x00000000f0000000,0x00000000f0000000,0x00000000fce00000)
  from space 24576K, 0% used [0x00000000fe800000,0x00000000fe800000,0x0000000100000000)
  to   space 25600K, 0% used [0x00000000fce00000,0x00000000fce00000,0x00000000fe700000)
 ParOldGen       total 524288K, used 40675K [0x00000000d0000000, 0x00000000f0000000, 0x00000000f0000000)
  object space 524288K, 7% used [0x00000000d0000000,0x00000000d27b8fa8,0x00000000f0000000)
 Metaspace       used 34614K, capacity 35306K, committed 35496K, reserved 1081344K
  class space    used 4269K, capacity 4440K, committed 4528K, reserved 1048576K
}
Event: 23.614 GC heap before
{Heap before GC invocations=13 (full 2):
 PSYoungGen      total 235520K, used 210944K [0x00000000f0000000, 0x0000000100000000, 0x0000000100000000)
  eden space 210944K, 100% used [0x00000000f0000000,0x00000000fce00000,0x00000000fce00000)
  from space 24576K, 0% used [0x00000000fe800000,0x00000000fe800000,0x0000000100000000)
  to   space 25600K, 0% used [0x00000000fce00000,0x00000000fce00000,0x00000000fe700000)
 ParOldGen       total 524288K, used 40675K [0x00000000d0000000, 0x00000000f0000000, 0x00000000f0000000)
  object space 524288K, 7% used [0x00000000d0000000,0x00000000d27b8fa8,0x00000000f0000000)
 Metaspace       used 37528K, capacity 38274K, committed 38568K, reserved 1083392K
  class space    used 4552K, capacity 4701K, committed 4784K, reserved 1048576K
Event: 23.621 GC heap after
Heap after GC invocations=13 (full 2):
 PSYoungGen      total 236544K, used 5865K [0x00000000f0000000, 0x0000000100000000, 0x0000000100000000)
  eden space 210944K, 0% used [0x00000000f0000000,0x00000000f0000000,0x00000000fce00000)
  from space 25600K, 22% used [0x00000000fce00000,0x00000000fd3ba798,0x00000000fe700000)
  to   space 25600K, 0% used [0x00000000fe700000,0x00000000fe700000,0x0000000100000000)
 ParOldGen       total 524288K, used 40675K [0x00000000d0000000, 0x00000000f0000000, 0x00000000f0000000)
  object space 524288K, 7% used [0x00000000d0000000,0x00000000d27b8fa8,0x00000000f0000000)
 Metaspace       used 37528K, capacity 38274K, committed 38568K, reserved 1083392K
  class space    used 4552K, capacity 4701K, committed 4784K, reserved 1048576K
}
Event: 26.204 GC heap before
{Heap before GC invocations=14 (full 2):
 PSYoungGen      total 236544K, used 216809K [0x00000000f0000000, 0x0000000100000000, 0x0000000100000000)
  eden space 210944K, 100% used [0x00000000f0000000,0x00000000fce00000,0x00000000fce00000)
  from space 25600K, 22% used [0x00000000fce00000,0x00000000fd3ba798,0x00000000fe700000)
  to   space 25600K, 0% used [0x00000000fe700000,0x00000000fe700000,0x0000000100000000)
 ParOldGen       total 524288K, used 40675K [0x00000000d0000000, 0x00000000f0000000, 0x00000000f0000000)
  object space 524288K, 7% used [0x00000000d0000000,0x00000000d27b8fa8,0x00000000f0000000)
 Metaspace       used 40563K, capacity 41428K, committed 41640K, reserved 1085440K
  class space    used 5008K, capacity 5211K, committed 5296K, reserved 1048576K
Event: 26.219 GC heap after
Heap after GC invocations=14 (full 2):
 PSYoungGen      total 237056K, used 9442K [0x00000000f0000000, 0x0000000100000000, 0x0000000100000000)
  eden space 211456K, 0% used [0x00000000f0000000,0x00000000f0000000,0x00000000fce80000)
  from space 25600K, 36% used [0x00000000fe700000,0x00000000ff038b58,0x0000000100000000)
  to   space 25088K, 0% used [0x00000000fce80000,0x00000000fce80000,0x00000000fe700000)
 ParOldGen       total 524288K, used 40675K [0x00000000d0000000, 0x00000000f0000000, 0x00000000f0000000)
  object space 524288K, 7% used [0x00000000d0000000,0x00000000d27b8fa8,0x00000000f0000000)
 Metaspace       used 40563K, capacity 41428K, committed 41640K, reserved 1085440K
  class space    used 5008K, capacity 5211K, committed 5296K, reserved 1048576K
}

